Starting Dynare (version 5.0).
Calling Dynare with arguments: none
Starting preprocessing of the model file ...
Found 15 equation(s).
Evaluating expressions...done
Computing static model derivatives (order 1).
Computing dynamic model derivatives (order 1).
Processing outputs ...
done
Preprocessing completed.





Residuals of the static equations:

Equation number 1 : 0 : Euler equation
Equation number 2 : 0 : Labor FOC
Equation number 3 : 0 : Law of motion capital
Equation number 4 : 0 : resource constraint
Equation number 5 : 0 : production function
Equation number 6 : 0 : real wage/firm FOC labor
Equation number 7 : 0 : annualized real interest rate/firm FOC capital
Equation number 8 : 0 : exogenous TFP process
Equation number 9 : 0 : government spending process
Equation number 10 : 0 : Definition log output
Equation number 11 : 0 : Definition log capital
Equation number 12 : 0 : Definition log consumption
Equation number 13 : 0 : Definition log hours
Equation number 14 : 0 : Definition log wage
Equation number 15 : 0 : Definition log investment



STEADY-STATE RESULTS:

y          		 1.04578
c          		 0.571206
k          		 10.8761
l          		 0.33
z          		 0
ghat       		 0
r          		 0.126923
w          		 2.12325
invest     		 0.261445
log_y      		 0.0447641
log_k      		 2.38657
log_c      		 -0.560006
log_l      		 -1.10866
log_w      		 0.752949
log_invest 		 -1.34153

EIGENVALUES:
         Modulus             Real        Imaginary

          0.9557           0.9557                0
            0.97             0.97                0
           0.989            0.989                0
           1.054            1.054                0
       2.132e+16       -2.132e+16                0
       4.333e+35       -4.333e+35                0


There are 3 eigenvalue(s) larger than 1 in modulus 
for 3 forward-looking variable(s)

The rank condition is verified.


MODEL SUMMARY

  Number of variables:         15
  Number of stochastic shocks: 2
  Number of state variables:   3
  Number of jumpers:           3
  Number of static variables:  10


MATRIX OF COVARIANCE OF EXOGENOUS SHOCKS
Variables       eps_z     eps_g
eps_z        0.000044  0.000000
eps_g        0.000000  0.000106
warning: unrecognized escape sequence '\d' -- converting to 'd'
warning: called from
    dyn_latex_table at line 69 column 1
    stoch_simul at line 142 column 9
    driver at line 277 column 27
    dynare at line 281 column 5
    RBC_IRFb35857bd6de at line 4 column 1
    run at line 93 column 5

warning: unrecognized escape sequence '\m' -- converting to 'm'
warning: called from
    dyn_latex_table at line 69 column 1
    stoch_simul at line 142 column 9
    driver at line 277 column 27
    dynare at line 281 column 5
    RBC_IRFb35857bd6de at line 4 column 1
    run at line 93 column 5

warning: unrecognized escape sequence '\s' -- converting to 's'
warning: called from
    dyn_latex_table at line 69 column 1
    stoch_simul at line 142 column 9
    driver at line 277 column 27
    dynare at line 281 column 5
    RBC_IRFb35857bd6de at line 4 column 1
    run at line 93 column 5


POLICY AND TRANSITION FUNCTIONS
                               log_y           log_k           log_c           log_l           log_w               r               z            ghat
Constant                    0.044764        2.386570       -0.560006       -1.108663        0.752949        0.126923               0               0
k(-1)                       0.010271        0.087868        0.054982       -0.029957        0.040227       -0.010366               0               0
ghat(-1)                    0.146140        0.004060       -0.179411        0.218119       -0.071979        0.018548               0        0.989000
z(-1)                       1.273305        0.090304        0.597642        0.452694        0.820611        0.161612        0.970000               0
eps_z                       1.312686        0.093097        0.616126        0.466695        0.845991        0.166610        1.000000               0
eps_g                       0.147765        0.004106       -0.181406        0.220545       -0.072780        0.018755               0        1.000000


THEORETICAL MOMENTS (HP filter, lambda = 1600)
VARIABLE         MEAN  STD. DEV.   VARIANCE
log_y          0.0448     0.0115     0.0001
log_k          2.3866     0.0029     0.0000
log_c         -0.5600     0.0061     0.0000
log_l         -1.1087     0.0051     0.0000
log_w          0.7529     0.0075     0.0001
r              0.1269     0.0015     0.0000
z              0.0000     0.0086     0.0001
ghat           0.0000     0.0134     0.0002
warning: unrecognized escape sequence '\d' -- converting to 'd'
warning: called from
    dyn_latex_table at line 69 column 1
    disp_th_moments at line 91 column 13
    stoch_simul at line 210 column 16
    driver at line 277 column 27
    dynare at line 281 column 5
    RBC_IRFb35857bd6de at line 4 column 1
    run at line 93 column 5

warning: unrecognized escape sequence '\m' -- converting to 'm'
warning: called from
    dyn_latex_table at line 69 column 1
    disp_th_moments at line 91 column 13
    stoch_simul at line 210 column 16
    driver at line 277 column 27
    dynare at line 281 column 5
    RBC_IRFb35857bd6de at line 4 column 1
    run at line 93 column 5

warning: unrecognized escape sequence '\d' -- converting to 'd'
warning: called from
    dyn_latex_table at line 69 column 1
    disp_th_moments at line 91 column 13
    stoch_simul at line 210 column 16
    driver at line 277 column 27
    dynare at line 281 column 5
    RBC_IRFb35857bd6de at line 4 column 1
    run at line 93 column 5




VARIANCE DECOMPOSITION (in percent) (HP filter, lambda = 1600)
          eps_z   eps_g
log_y     97.04    2.96
log_k     99.52    0.48
log_c     84.21   15.79
log_l     66.01   33.99
log_w     98.30    1.70
r         97.14    2.86
z        100.00    0.00
ghat       0.00  100.00
warning: unrecognized escape sequence '\d' -- converting to 'd'
warning: called from
    dyn_latex_table at line 69 column 1
    disp_th_moments at line 124 column 17
    stoch_simul at line 210 column 16
    driver at line 277 column 27
    dynare at line 281 column 5
    RBC_IRFb35857bd6de at line 4 column 1
    run at line 93 column 5

warning: unrecognized escape sequence '\m' -- converting to 'm'
warning: called from
    dyn_latex_table at line 69 column 1
    disp_th_moments at line 124 column 17
    stoch_simul at line 210 column 16
    driver at line 277 column 27
    dynare at line 281 column 5
    RBC_IRFb35857bd6de at line 4 column 1
    run at line 93 column 5

warning: unrecognized escape sequence '\d' -- converting to 'd'
warning: called from
    dyn_latex_table at line 69 column 1
    disp_th_moments at line 124 column 17
    stoch_simul at line 210 column 16
    driver at line 277 column 27
    dynare at line 281 column 5
    RBC_IRFb35857bd6de at line 4 column 1
    run at line 93 column 5




MATRIX OF CORRELATIONS (HP filter, lambda = 1600)
Variables     log_y   log_k   log_c   log_l   log_w       r       z    ghat
log_y        1.0000  0.3200  0.7995  0.8740  0.9444  0.9692  0.9847  0.1722
log_k        0.3200  1.0000  0.5188  0.0670  0.4462  0.0771  0.2942  0.0203
log_c        0.7995  0.5188  1.0000  0.4070  0.9525  0.7107  0.8733 -0.3969
log_l        0.8740  0.0670  0.4070  1.0000  0.6657  0.8991  0.7910  0.5829
log_w        0.9444  0.4462  0.9525  0.6657  1.0000  0.8802  0.9770 -0.1300
r            0.9692  0.0771  0.7107  0.8991  0.8802  1.0000  0.9611  0.1685
z            0.9847  0.2942  0.8733  0.7910  0.9770  0.9611  1.0000 -0.0000
ghat         0.1722  0.0203 -0.3969  0.5829 -0.1300  0.1685 -0.0000  1.0000
warning: unrecognized escape sequence '\d' -- converting to 'd'
warning: called from
    dyn_latex_table at line 69 column 1
    disp_th_moments at line 188 column 13
    stoch_simul at line 210 column 16
    driver at line 277 column 27
    dynare at line 281 column 5
    RBC_IRFb35857bd6de at line 4 column 1
    run at line 93 column 5

warning: unrecognized escape sequence '\m' -- converting to 'm'
warning: called from
    dyn_latex_table at line 69 column 1
    disp_th_moments at line 188 column 13
    stoch_simul at line 210 column 16
    driver at line 277 column 27
    dynare at line 281 column 5
    RBC_IRFb35857bd6de at line 4 column 1
    run at line 93 column 5

warning: unrecognized escape sequence '\d' -- converting to 'd'
warning: called from
    dyn_latex_table at line 69 column 1
    disp_th_moments at line 188 column 13
    stoch_simul at line 210 column 16
    driver at line 277 column 27
    dynare at line 281 column 5
    RBC_IRFb35857bd6de at line 4 column 1
    run at line 93 column 5




COEFFICIENTS OF AUTOCORRELATION (HP filter, lambda = 1600)
Order          1       2       3       4       5
log_y     0.7208  0.4832  0.2851  0.1241 -0.0032
log_k     0.9605  0.8647  0.7318  0.5777  0.4151
log_c     0.7568  0.5404  0.3522  0.1922  0.0596
log_l     0.7154  0.4745  0.2750  0.1138 -0.0127
log_w     0.7381  0.5107  0.3174  0.1569  0.0270
r         0.7132  0.4710  0.2709  0.1097 -0.0165
z         0.7184  0.4792  0.2805  0.1194 -0.0075
ghat      0.7209  0.4833  0.2854  0.1244 -0.0029
warning: unrecognized escape sequence '\d' -- converting to 'd'
warning: called from
    dyn_latex_table at line 69 column 1
    disp_th_moments at line 215 column 13
    stoch_simul at line 210 column 16
    driver at line 277 column 27
    dynare at line 281 column 5
    RBC_IRFb35857bd6de at line 4 column 1
    run at line 93 column 5

warning: unrecognized escape sequence '\m' -- converting to 'm'
warning: called from
    dyn_latex_table at line 69 column 1
    disp_th_moments at line 215 column 13
    stoch_simul at line 210 column 16
    driver at line 277 column 27
    dynare at line 281 column 5
    RBC_IRFb35857bd6de at line 4 column 1
    run at line 93 column 5

warning: unrecognized escape sequence '\d' -- converting to 'd'
warning: called from
    dyn_latex_table at line 69 column 1
    disp_th_moments at line 215 column 13
    stoch_simul at line 210 column 16
    driver at line 277 column 27
    dynare at line 281 column 5
    RBC_IRFb35857bd6de at line 4 column 1
    run at line 93 column 5

Total computing time : 0h00m18s
Note: warning(s) encountered in MATLAB/Octave code
