Starting Dynare (version 6.2).
Calling Dynare with arguments: none
Starting preprocessing of the model file ... 
Found 15 equation(s). 
Evaluating expressions... 
Computing static model derivatives (order 1). 
Normalizing the static model... 
Finding the optimal block decomposition of the static model... 
5 block(s) found: 
  4 recursive block(s) and 1 simultaneous block(s). 
  the largest simultaneous block has 8 equation(s) 
                                 and 8 feedback variable(s). 
Computing dynamic model derivatives (order 1). 
Normalizing the dynamic model... 
Finding the optimal block decomposition of the dynamic model... 
5 block(s) found: 
  4 recursive block(s) and 1 simultaneous block(s). 
  the largest simultaneous block has 8 equation(s) 
                                 and 8 feedback variable(s). 
Preprocessing completed. 
Preprocessing time: 0h00m00s.

STEADY-STATE RESULTS:

c    		 0.87696
k    		 5.5004
y    		 1.07756
b    		 0.1
q    		 0.968345
g    		 1.006
l    		 0.497381
u    		 -2.38665
z    		 0
uc   		 5.69609
ul   		 -8.39147
f    		 0.974155
c_y  		 -0.205992
tb_y 		 0.00239847
i_y  		 -1.69411

EIGENVALUES:
         Modulus             Real        Imaginary
            0.72             0.72                0
          0.9224           0.9224                0
            0.94             0.94                0
          0.9946           0.9946                0
           1.032            1.032                0
           1.113            1.113                0
       1.048e+18        1.048e+18                0
             Inf              Inf                0

There are 4 eigenvalue(s) larger than 1 in modulus for 4 forward-looking variable(s)
The rank condition is verified.


MODEL SUMMARY

  Number of variables:         15
  Number of stochastic shocks: 2
  Number of state variables:   4
  Number of jumpers:           4
  Number of static variables:  9


MATRIX OF COVARIANCE OF EXOGENOUS SHOCKS
Variables       eps_z     eps_g
eps_z        5.948840  0.000000
eps_g        0.000000  0.841680

POLICY AND TRANSITION FUNCTIONS
                                tb_y             c_y             i_y
Constant                    0.002398       -0.205992       -1.694114
b(-1)                       0.040438       -0.035853       -0.061271
z(-1)                      -0.174885       -0.396431        2.707393
k(-1)                       0.056615       -0.013354       -0.248946
g(-1)                      -0.903698        0.313282        3.530310
eps_z                      -0.000763       -0.001729        0.011809
eps_g                      -0.013763        0.004771        0.053766


THEORETICAL MOMENTS
VARIABLE         MEAN  STD. DEV.   VARIANCE
tb_y           0.0024     0.0533     0.0028
c_y           -0.2060     0.0582     0.0034
i_y           -1.6941     0.1375     0.0189



VARIANCE DECOMPOSITION (in percent)
         eps_z   eps_g
tb_y     20.05   79.95
c_y      27.22   72.78
i_y      17.16   82.84



MATRIX OF CORRELATIONS
Variables       tb_y      c_y      i_y
tb_y          1.0000  -0.8806  -0.4603
c_y          -0.8806   1.0000  -0.0154
i_y          -0.4603  -0.0154   1.0000



COEFFICIENTS OF AUTOCORRELATION
Order          1       2       3       4       5
tb_y      0.9687  0.9403  0.9145  0.8907  0.8687
c_y       0.9937  0.9874  0.9812  0.9749  0.9685
i_y       0.9089  0.8254  0.7490  0.6790  0.6150
Total computing time : 0h00m06s
