Starting Dynare (version 5.3).
Calling Dynare with arguments: none
Starting preprocessing of the model file ...
Found 6 equation(s).
Evaluating expressions...done
Computing static model derivatives (order 1).
Computing dynamic model derivatives (order 1).
Processing outputs ...
done
Preprocessing completed.


MODEL SUMMARY

  Number of variables:         6
  Number of stochastic shocks: 2
  Number of state variables:   3
  Number of jumpers:           3
  Number of static variables:  1


MATRIX OF COVARIANCE OF EXOGENOUS SHOCKS
Variables           e         u
e            0.000081  0.000008
u            0.000008  0.000081

POLICY AND TRANSITION FUNCTIONS
                                   y               c               k               a               h               b
Constant                    1.080683        0.803592       11.083604               0        0.291756               0
k(-1)                       0.005358        0.038542        0.941817               0       -0.012547               0
a(-1)                       1.836717        0.424583        1.419062        0.950000        0.341715        0.025000
b(-1)                       0.837086       -0.318740        1.419062        0.025000        0.341715        0.950000
e                           1.911522        0.456074        1.455448        1.000000        0.350477               0
u                           0.830840       -0.347518        1.455448               0        0.350477        1.000000


THEORETICAL MOMENTS (HP filter, lambda = 1600)
VARIABLE         MEAN  STD. DEV.   VARIANCE
y              1.0807     0.0253     0.0006
c              0.8036     0.0073     0.0001
k             11.0836     0.0898     0.0081
a              0.0000     0.0117     0.0001
h              0.2918     0.0061     0.0000
b              0.0000     0.0117     0.0001



VARIANCE DECOMPOSITION (in percent) (HP filter, lambda = 1600)
          e       u
y     84.61   15.39
c     54.02   45.98
k     55.00   45.00
a     99.25    0.75
h     55.00   45.00
b      1.79   98.21



MATRIX OF CORRELATIONS (HP filter, lambda = 1600)
Variables          y        c        k        a        h        b
y             1.0000   0.4486   0.3395   0.9238   0.9229   0.4770
c             0.4486   1.0000   0.5011   0.6978   0.0700  -0.4601
k             0.3395   0.5011   1.0000   0.2537   0.1631   0.2537
a             0.9238   0.6978   0.2537   1.0000   0.7306   0.1048
h             0.9229   0.0700   0.1631   0.7306   1.0000   0.7306
b             0.4770  -0.4601   0.2537   0.1048   0.7306   1.0000



COEFFICIENTS OF AUTOCORRELATION (HP filter, lambda = 1600)
Order           1        2        3        4        5
y          0.7195   0.4810   0.2827   0.1216  -0.0055
c          0.7686   0.5590   0.3737   0.2138   0.0792
k          0.9596   0.8620   0.7269   0.5706   0.4061
a          0.7124   0.4699   0.2697   0.1086  -0.0173
h          0.7087   0.4639   0.2627   0.1014  -0.0240
b          0.7124   0.4699   0.2697   0.1086  -0.0173
Total computing time : 0h00m07s
